03-27 10:06:03 [SUCCESS] nonebot | NoneBot is initializing...
03-27 10:06:03 [INFO] nonebot | Current Env: prod
03-27 10:06:04 [SUCCESS] nonebot | Succeeded to load plugin "nonebot_plugin_apsc
heduler"
03-27 10:06:04 [SUCCESS] nonebot | Succeeded to load plugin "basic" from "plugin
s.basic"
03-27 10:06:04 [SUCCESS] nonebot | Running NoneBot...
03-27 10:06:04 [SUCCESS] nonebot | Loaded adapters: OneBot V11
03-27 10:06:04 [INFO] uvicorn | Started server process [400112]
03-27 10:06:04 [INFO] uvicorn | Waiting for application startup.
03-27 10:06:04 [INFO] nonebot_plugin_apscheduler | Scheduler Started
03-27 10:06:04 [INFO] uvicorn | Application startup complete.
03-27 10:06:04 [INFO] uvicorn | Uvicorn running on http://127.0.0.1:8080 (Press
CTRL+C to quit)
03-27 10:06:04 [INFO] nonebot | OneBot V11 | Bot 3371871293 connected
03-27 10:06:53 [SUCCESS] nonebot | OneBot V11 3371871293 | [message.group.normal
]: Message 474693710 from 769163832@[ż :946973502] '■  ■  ½  Å ; ╬ '
03-27 10:06:53 [INFO] nonebot | Event will be handled by Matcher(type='message',
 module=plugins.basic, lineno=20)
03-27 10:06:53 [INFO] nonebot | Matcher(type='message', module=plugins.basic, li
neno=20) running complete
03-27 10:06:57 [SUCCESS] nonebot | OneBot V11 3371871293 | [message.group.normal
]: Message 1051617735 from 769163832@[ż :946973502] '[image:summary=,file=FD8850
B656A596670F438AFB24B97E5F.png,sub_type=0,url=https://multimedia.nt.qq.com.cn/do
wnload?appid=1407&fileid=EhQWHy9t...,file_size=23598]'
03-27 10:06:57 [INFO] nonebot | Event will be handled by Matcher(type='message',
 module=plugins.basic, lineno=23)
03-27 10:07:20 [INFO] nonebot | Matcher(type='message', module=plugins.basic, li
neno=23) running complete
03-27 10:07:32 [SUCCESS] nonebot | OneBot V11 3371871293 | [message.group.normal
]: Message 23691543 from 769163832@[ż :946973502] '* ½  Å å '
03-27 10:07:32 [INFO] nonebot | Event will be handled by Matcher(type='message',
 module=plugins.basic, lineno=23)
03-27 10:07:32 [INFO] nonebot | Matcher(type='message', module=plugins.basic, li
neno=23) running complete
03-27 10:07:47 [SUCCESS] nonebot | OneBot V11 3371871293 | [message.group.normal
]: Message 1983435690 from 769163832@[ż :946973502] '■  ■  ų ī Õ » ╔ S Č '
03-27 10:07:47 [INFO] nonebot | Event will be handled by Matcher(type='message',
 module=plugins.basic, lineno=20)
03-27 10:07:48 [INFO] nonebot | Matcher(type='message', module=plugins.basic, li
neno=20) running complete
03-27 10:07:53 [SUCCESS] nonebot | OneBot V11 3371871293 | [message.group.normal
]: Message 557398006 from 769163832@[ż :946973502] '[image:summary=,file=FD8850B
656A596670F438AFB24B97E5F.png,sub_type=0,url=https://multimedia.nt.qq.com.cn/dow
nload?appid=1407&fileid=EhQWHy9t...,file_size=23598]'
03-27 10:07:53 [INFO] nonebot | Event will be handled by Matcher(type='message',
 module=plugins.basic, lineno=23)
03-27 10:08:06 [SUCCESS] nonebot | OneBot V11 3371871293 | [message.group.normal
]: Message 468668410 from 1140637229@[ż :946973502] '½  ± ž ; ╬ 	 Ī 	 '
03-27 10:08:06 [INFO] nonebot | Event will be handled by Matcher(type='message',
 module=plugins.basic, lineno=23)
03-27 10:08:06 [INFO] nonebot | Matcher(type='message', module=plugins.basic, li
neno=23) running complete
03-27 10:08:15 [INFO] nonebot | Matcher(type='message', module=plugins.basic, li
neno=23) running complete
03-27 10:08:35 [SUCCESS] nonebot | OneBot V11 3371871293 | [message.group.normal
]: Message 1042514593 from 1048314482@[ż :946973502] '└ H Ó Ŗ ai'
03-27 10:08:35 [INFO] nonebot | Event will be handled by Matcher(type='message',
 module=plugins.basic, lineno=23)
03-27 10:08:35 [INFO] nonebot | Matcher(type='message', module=plugins.basic, li
neno=23) running complete
03-27 10:08:55 [SUCCESS] nonebot | OneBot V11 3371871293 | [message.group.normal
]: Message 797769121 from 1048314482@[ż :946973502] '` ┘   [ ai · e Ż  ? ä 4 
s '
03-27 10:08:55 [INFO] nonebot | Event will be handled by Matcher(type='message',
 module=plugins.basic, lineno=23)
03-27 10:08:55 [INFO] nonebot | Matcher(type='message', module=plugins.basic, li
neno=23) running complete

