04-07 17:40:20 [SUCCESS] nonebot | NoneBot is initializing...
04-07 17:40:20 [INFO] nonebot | Current Env: prod
04-07 17:40:20 [SUCCESS] nonebot | Succeeded to load plugin "basic" from "plugins.basic"
04-07 17:40:20 [SUCCESS] nonebot | Succeeded to load plugin "recall_roaster" from "plugins.recall_roaster"
04-07 17:40:20 [SUCCESS] nonebot | Succeeded to load plugin "nonebot_plugin_apscheduler"
04-07 17:40:20 [SUCCESS] nonebot | Succeeded to load plugin "group_summary" from "plugins.group_summary"
04-07 17:40:20 [SUCCESS] nonebot | Succeeded to load plugin "read_aloud" from "plugins.read_aloud"
04-07 17:40:20 [SUCCESS] nonebot | Succeeded to load plugin "group_pipeline" from "plugins.group_pipeline"
04-07 17:40:20 [SUCCESS] nonebot | Succeeded to load plugin "basic_commands" from "plugins.basic_commands"
04-07 17:40:20 [SUCCESS] nonebot | Succeeded to load plugin "mention_reply" from "plugins.mention_reply"
04-07 17:40:20 [SUCCESS] nonebot | Succeeded to load plugin "shared" from "plugins.shared"
04-07 17:40:20 [SUCCESS] nonebot | Succeeded to load plugin "news_digest" from "plugins.news_digest"
04-07 17:40:20 [SUCCESS] nonebot | Succeeded to load plugin "image_to_image" from "plugins.image_to_image"
04-07 17:40:20 [SUCCESS] nonebot | Succeeded to load plugin "image_generation" from "plugins.image_generation"
04-07 17:40:20 [SUCCESS] nonebot | Running NoneBot...
04-07 17:40:20 [SUCCESS] nonebot | Loaded adapters: OneBot V11
04-07 17:40:21 [INFO] uvicorn | Started server process [813210]
04-07 17:40:21 [INFO] uvicorn | Waiting for application startup.
04-07 17:40:21 [INFO] nonebot_plugin_apscheduler | Scheduler Started
04-07 17:40:21 [INFO] uvicorn | Application startup complete.
04-07 17:40:21 [INFO] uvicorn | Uvicorn running on http://127.0.0.1:8080 (Press CTRL+C to quit)
04-07 17:40:21 [INFO] nonebot | OneBot V11 | Bot 3371871293 connected
04-07 17:41:01 [SUCCESS] nonebot | OneBot V11 3371871293 | [message.group.normal]: Message 1547949811 from 1048314482@[群:946973502] '看来机器人还是不懂链接是啥意思'
04-07 17:41:01 [INFO] nonebot | Event will be handled by Matcher(type='message', module=plugins.basic_commands, lineno=13)
04-07 17:41:01 [INFO] nonebot | Matcher(type='message', module=plugins.basic_commands, lineno=13) running complete
04-07 17:41:01 [INFO] nonebot | Event will be handled by Matcher(type='message', module=plugins.mention_reply, lineno=17)
04-07 17:41:01 [INFO] nonebot | Matcher(type='message', module=plugins.mention_reply, lineno=17) running complete
04-07 17:41:01 [INFO] nonebot | Event will be handled by Matcher(type='message', module=plugins.group_pipeline, lineno=29)
04-07 17:41:01 [INFO] shared | [group-roaster] group=946973502 counter=1 next=16 brief=[xh] 看来机器人还是不懂链接是啥意思
04-07 17:41:01 [INFO] shared | [bili-roaster] no bilibili url found in event
04-07 17:41:01 [INFO] nonebot | Matcher(type='message', module=plugins.group_pipeline, lineno=29) running complete
04-07 17:42:23 [SUCCESS] nonebot | OneBot V11 3371871293 | [message.group.normal]: Message 497132038 from 769163832@[群:946973502] '确实'
04-07 17:42:23 [INFO] nonebot | Event will be handled by Matcher(type='message', module=plugins.mention_reply, lineno=17)
04-07 17:42:23 [INFO] nonebot | Matcher(type='message', module=plugins.mention_reply, lineno=17) running complete
04-07 17:42:23 [INFO] nonebot | Event will be handled by Matcher(type='message', module=plugins.group_pipeline, lineno=29)
04-07 17:42:23 [INFO] shared | [group-roaster] group=946973502 counter=2 next=16 brief=[yt] 确实
04-07 17:42:23 [INFO] shared | [bili-roaster] no bilibili url found in event
04-07 17:42:23 [INFO] nonebot | Matcher(type='message', module=plugins.group_pipeline, lineno=29) running complete
./start.sh: line 10: 813210 Killed                  python bot.py
