03-27 15:39:54 [SUCCESS] nonebot | NoneBot is initializing...
03-27 15:39:54 [INFO] nonebot | Current Env: prod
03-27 15:39:54 [SUCCESS] nonebot | Succeeded to load plugin "nonebot_plugin_apsc
heduler"
03-27 15:39:54 [SUCCESS] nonebot | Succeeded to load plugin "basic" from "plugin
s.basic"
03-27 15:39:54 [SUCCESS] nonebot | Running NoneBot...
03-27 15:39:54 [SUCCESS] nonebot | Loaded adapters: OneBot V11
03-27 15:39:55 [INFO] uvicorn | Started server process [483893]
03-27 15:39:55 [INFO] uvicorn | Waiting for application startup.
03-27 15:39:55 [INFO] nonebot_plugin_apscheduler | Scheduler Started
03-27 15:39:55 [INFO] uvicorn | Application startup complete.
03-27 15:39:55 [INFO] uvicorn | Uvicorn running on http://127.0.0.1:8080 (Press
CTRL+C to quit)
03-27 15:39:55 [INFO] nonebot | OneBot V11 | Bot 3371871293 connected
03-27 15:40:56 [SUCCESS] nonebot | OneBot V11 3371871293 | [message.group.normal
]: Message 1649094304 from 769163832@[¤˙:946973502] '[json:data={\n  "config" :
{\n    "height" : 0,\n    "forward" : 1,\n    "ctime" :...]'
03-27 15:40:56 [INFO] nonebot | Event will be handled by Matcher(type='message',
 module=plugins.basic, lineno=26)
03-27 15:40:56 [INFO] nonebot | Matcher(type='message', module=plugins.basic, li
neno=26) running complete


