03-27 22:48:56 [SUCCESS] nonebot | NoneBot is initializing...
03-27 22:48:56 [INFO] nonebot | Current Env: prod
03-27 22:48:56 [SUCCESS] nonebot | Succeeded to load plugin "shared" from "plugi
ns.shared"
03-27 22:48:56 [SUCCESS] nonebot | Succeeded to load plugin "image_to_image" fro
m "plugins.image_to_image"
03-27 22:48:56 [SUCCESS] nonebot | Succeeded to load plugin "read_aloud" from "p
lugins.read_aloud"
03-27 22:48:56 [SUCCESS] nonebot | Succeeded to load plugin "group_summary" from
 "plugins.group_summary"
03-27 22:48:56 [SUCCESS] nonebot | Succeeded to load plugin "image_generation" f
rom "plugins.image_generation"
03-27 22:48:56 [SUCCESS] nonebot | Succeeded to load plugin "nonebot_plugin_apsc
heduler"
03-27 22:48:56 [SUCCESS] nonebot | Succeeded to load plugin "basic_commands" fro
m "plugins.basic_commands"
03-27 22:48:56 [SUCCESS] nonebot | Succeeded to load plugin "group_pipeline" fro
m "plugins.group_pipeline"
03-27 22:48:56 [SUCCESS] nonebot | Succeeded to load plugin "basic" from "plugin
s.basic"
03-27 22:48:56 [SUCCESS] nonebot | Running NoneBot...
03-27 22:48:56 [SUCCESS] nonebot | Loaded adapters: OneBot V11
03-27 22:48:56 [INFO] uvicorn | Started server process [598993]
03-27 22:48:56 [INFO] uvicorn | Waiting for application startup.
03-27 22:48:56 [INFO] nonebot_plugin_apscheduler | Scheduler Started
03-27 22:48:56 [INFO] uvicorn | Application startup complete.
03-27 22:48:56 [INFO] uvicorn | Uvicorn running on http://127.0.0.1:8080 (Press
CTRL+C to quit)
03-27 22:48:56 [INFO] nonebot | OneBot V11 | Bot 3371871293 connected

