03-27 16:45:40 [SUCCESS] nonebot | NoneBot is initializing...
03-27 16:45:40 [INFO] nonebot | Current Env: prod
03-27 16:45:40 [SUCCESS] nonebot | Succeeded to load plugin "nonebot_plugin_apsc
heduler"
03-27 16:45:40 [SUCCESS] nonebot | Succeeded to load plugin "basic" from "plugin
s.basic"
03-27 16:45:40 [SUCCESS] nonebot | Running NoneBot...
03-27 16:45:40 [SUCCESS] nonebot | Loaded adapters: OneBot V11
03-27 16:45:40 [INFO] uvicorn | Started server process [503529]
03-27 16:45:40 [INFO] uvicorn | Waiting for application startup.
03-27 16:45:40 [INFO] nonebot_plugin_apscheduler | Scheduler Started
03-27 16:45:40 [INFO] uvicorn | Application startup complete.
03-27 16:45:40 [INFO] uvicorn | Uvicorn running on http://127.0.0.1:8080 (Press
CTRL+C to quit)
03-27 16:45:40 [INFO] nonebot | OneBot V11 | Bot 3371871293 connected
03-27 16:45:40 [SUCCESS] nonebot | OneBot V11 3371871293 | [message.group.normal
]: Message 639512883 from 769163832@[ż :946973502] '6 0 '
03-27 16:45:40 [INFO] nonebot | Event will be handled by Matcher(type='message',
 module=plugins.basic, lineno=26)
03-27 16:45:40 [INFO] basic | [group-roaster] group=946973502 counter=1 next=7 b
rief=[769163832] 6 0 
03-27 16:45:40 [INFO] basic | [bili-roaster] no bilibili url found in event
03-27 16:45:40 [INFO] nonebot | Matcher(type='message', module=plugins.basic, li
neno=26) running complete

