not mini app. 
[preload] succeeded. /root/Napcat/opt/QQ/resources/app/major.node
[preload] succeeded. /root/Napcat/opt/QQ/resources/app/major.node
resourcesPath: /root/Napcat/opt/QQ/resources
[2772543:0402/084804.895147:ERROR:components/viz/service/main/viz_main_impl.cc:184] Exiting GPU process due to errors during initialization
[2772570:0402/084805.300656:ERROR:components/viz/service/main/viz_main_impl.cc:184] Exiting GPU process due to errors during initialization
[2772583:0402/084805.895681:ERROR:components/viz/service/main/viz_main_impl.cc:184] Exiting GPU process due to errors during initialization
NapCat Shell App Loading...
prepare write and writev hooks
04-02 08:48:06 [[32minfo[39m] [PacketHandler] 加载成功
04-02 08:48:06 [[32minfo[39m] [Napi2NativeLoader] 加载成功
04-02 08:48:06 [[32minfo[39m] [FFmpeg] 检查 Native Addon 可用性...
04-02 08:48:06 [[32minfo[39m] [FFmpeg] ✓ 使用 Native Addon 适配器
04-02 08:48:07 [[32minfo[39m] [PacketHandler] 初始化成功
04-02 08:48:07 [[32minfo[39m] [NapCat] [Core] NapCat.Core Version: 4.17.53
04-02 08:48:08 [[32minfo[39m] [NapCat] [WebUi] WebUi Token: 47406999b460
04-02 08:48:08 [[32minfo[39m] [NapCat] [WebUi] WebUi User Panel Url: http://127.0.0.1:6099/webui?token=47406999b460
04-02 08:48:08 [[32minfo[39m] [NapCat] [WebUi] WebUi User Panel Url: http://[::]:6099/webui?token=47406999b460
04-02 08:48:08 [[32minfo[39m] 等待网络连接...
04-02 08:48:08 [[32minfo[39m] 网络已连接
04-02 08:48:08 [[32minfo[39m] 没有 -q 指令指定快速登录，将使用二维码登录方式
04-02 08:48:08 [[32minfo[39m] 可用于快速登录的 QQ：
1. 3371871293 luyueti_bot
04-02 08:48:08 [[33mwarn[39m] 请扫描下面的二维码，然后在手Q上授权登录：
04-02 08:48:08 [[33mwarn[39m] 

▄▄▄▄▄▄▄▄▄▄▄▄▄▄▄▄▄▄▄▄▄▄▄▄▄▄▄▄▄▄▄▄▄▄▄
█ ▄▄▄▄▄ █▄▄▄ ▀▄██    █▄▄▄██ ▄▄▄▄▄ █
█ █   █ ██▄▀ █ ▀▄▄▀█▄▄▄██▀█ █   █ █
█ █▄▄▄█ ██▀▄ ▄████▄▄▄███▀▀█ █▄▄▄█ █
█▄▄▄▄▄▄▄█ ▀▄█ ▀ █ █ █▄█▄▀▄█▄▄▄▄▄▄▄█
█▄ ▀  █▄█▀▄▀█▄██▀▀▄▄▄██▄▄▄█▄▀▀█▀▀▄█
██ ▄██▀▄█ ▄██▄█▄ █ ▀█ █  ▄▀  ▄▀▀▄▄█
█▄ █▄██▄▄█  █▀▀▄  █▀▄▄█▀▀▄▀▄▄███▄▄█
█▀████ ▄▀ ▀ █▀▄▀ ▄██▄▀▄ ██▀▄█ █▀█▀█
█▀█▀▄▀▀▄▄██  ▄▄  ▀▄▀▀█▀  █▄ ▀ ▄█  █
█▄ ▀▀▄▄▄▀█  ▀▄   ▄█▀ ▄▄▄▄██▀█▄█▀▀ █
█ ▀▄▄▀█▄▄██ ▄▀██ ▄ █▄█▄▀ ▀▄█▀▀▀█▀██
█ █▄▄▀▀▄ ▀▄▄ ▀█  ▀▀ ██▄▄▄▀ ▀ ▄█▀▄▄█
█▄▄▄██▄▄█▀▄▄▄▄▀▄▀▀█▀▀▄█ █ ▄▄▄ ▀▀ ██
█ ▄▄▄▄▄ ██▄  ▄█ ▄█▄█ ▄█▀  █▄█ ▀ █▀█
█ █   █ █ ▄█▀ ▄  █▀▀▀▀█▄▄▄ ▄▄▄▀█▄▄█
█ █▄▄▄█ █▀ ▀▄█ ▄▄▄██▄ ▄ ▀█▀▀▄   ▀ █
█▄▄▄▄▄▄▄█▄▄▄██████▄▄█████▄▄█▄█▄████

二维码解码URL: https://txz.qq.com/p?k=UlNeAL6phE6qjwID0dFuCf4eNzgg8ezb&f=1600001615
如果控制台二维码无法扫码，可以复制解码url到二维码生成网站生成二维码再扫码，也可以打开下方的二维码路径图片进行扫码。
04-02 08:48:08 [[33mwarn[39m] 二维码已保存到 /root/Napcat/opt/QQ/resources/app/app_launcher/napcat/cache/qrcode.png
04-02 08:50:10 [[31merror[39m] [Core] [Login] Login Error,ErrType:  1  ErrCode: 3
04-02 08:50:11 [[33mwarn[39m] 请扫描下面的二维码，然后在手Q上授权登录：
04-02 08:50:11 [[33mwarn[39m] 

▄▄▄▄▄▄▄▄▄▄▄▄▄▄▄▄▄▄▄▄▄▄▄▄▄▄▄▄▄▄▄▄▄▄▄
█ ▄▄▄▄▄ █▄▄███▀▄█▀▄ █▄    █ ▄▄▄▄▄ █
█ █   █ █ ▀█ ▄ █▀ ▀█ ▄█ ▀ █ █   █ █
█ █▄▄▄█ █▄ ▄▄▀▀█▄██▄ ▄ ██▀█ █▄▄▄█ █
█▄▄▄▄▄▄▄█▄▀▄▀▄█ █ ▀▄█▄█ █ █▄▄▄▄▄▄▄█
█▄▄▄ ▀▀▄▀▄▀████▀▄█   ▀▄▄▄█▄▀█▄▄ ▀ █
█▄█▄▄█▀▄█ ██▀▀▀▄▀███▀▀▄▀▄▄█ ▀▄█▄ ▄█
██▄▄▄█▀▄█▄▄▀ █▄█ ▀ ████▄▀ ▄█▄▄ ▀▀██
█ ███ ▄▄▄  ▀█ ▄██ █  ▄ █▀▄▀  ▄█ ███
█ ▀▀▄██▄▀ ▄█▄▀  ▀▀  ▄ ▄ █▀      ▄ █
█▀████▀▄ ▀ ▄▄ █▀▄█▀▄▀█▄▀▀▀  ██ █▄▀█
█ █▄▄▀▄▄▄ ▀█▄ █▀▄▀  █▀▀▀  ▄▀▄█▀▄▀▀█
██▀█ ██▄  ▀▀▄▄▀ ▀ ▄ ▀▀█  ▄▄▀▀▄▀▄ ▄█
█▄██▄▄▄▄█  ▄▀ ▄██▀▄▀██▄   ▄▄▄ ▄██▄█
█ ▄▄▄▄▄ ███▄ ██▄█▄█▀▄ ▀█  █▄█ ▀▀███
█ █   █ █▀█▄██  ▄▄ ▄▄ █▄  ▄▄▄▄█  ▄█
█ █▄▄▄█ █   ▀▀██ ▄▀▄▀ ▄▀▄▀▄ ▄▀█▄▄▀█
█▄▄▄▄▄▄▄█▄▄▄█▄████▄█▄▄▄▄██▄███▄▄███

二维码解码URL: https://txz.qq.com/p?k=OAO-6o*faTTQ3mENkEd-NxjdXmxH3ZKx&f=1600001615
如果控制台二维码无法扫码，可以复制解码url到二维码生成网站生成二维码再扫码，也可以打开下方的二维码路径图片进行扫码。
04-02 08:50:11 [[33mwarn[39m] 二维码已保存到 /root/Napcat/opt/QQ/resources/app/app_launcher/napcat/cache/qrcode.png
04-02 08:52:11 [[31merror[39m] [Core] [Login] Login Error,ErrType:  1  ErrCode: 3
04-02 08:52:11 [[33mwarn[39m] 请扫描下面的二维码，然后在手Q上授权登录：
04-02 08:52:11 [[33mwarn[39m] 

▄▄▄▄▄▄▄▄▄▄▄▄▄▄▄▄▄▄▄▄▄▄▄▄▄▄▄▄▄▄▄▄▄▄▄
█ ▄▄▄▄▄ █▀ █▀▀▀ ▀▀▀█▄▄  ▄▀█ ▄▄▄▄▄ █
█ █   █ █▀ ▄ █▀█ ▀██▀▀ ▀█▄█ █   █ █
█ █▄▄▄█ █▀█ █▄█▄▀▀  █▄▀█▄ █ █▄▄▄█ █
█▄▄▄▄▄▄▄█▄█▄█ █▄▀ █ █ ▀▄▀▄█▄▄▄▄▄▄▄█
█▄ ▄ ▄▀▄ ▄ ▄█▄▄▀█▄ ▀▀▀▀▀▀█▄▀▄█▄▀ ▀█
██▄ ▀▄▄▄▀▄ ▀ ▄██▄▀▄ ██  █▀▀▀▄ ▄▀▄██
█▄▄▀█▀▀▄█ ▄▀▄▀▄▀▄▀▄█▄    ▀▄▀ ▄▄█▀▀█
██ ▄▄█ ▄█ ▀▄█▀██▄▀█▀▀▀▀█▀   ▀██▀▄██
███▀▀█▀▄  ▀ █▄▄▀▄█▄▀▀▄█▄  ▄▀█▄▀█ ▀█
█▀█▄█▄█▄▄▀█▀ ▄██▄█████▀▀██ ▄▀█▄▀▄██
█▀ ▀▀ ▀▄▀█▄▀▄▀▄▀ ▀▄▄  ▀  ▀█▀█▄▀█ ▀█
█ █ █▄▀▄▀▄▄██▀█▀▄█▄ ██▀▄▀▀  ▄  ▀▄██
█▄█▄██▄▄▄▀▀▄█▄▄▀█▀▄▄ ▄ ▄▄ ▄▄▄  ▀█ █
█ ▄▄▄▄▄ █▄█▀ ▄▄▄  █▄▀█▀█  █▄█ ▀ ▄██
█ █   █ █ ▀ ▄ ▄▀█▀ █  █▄▀▄ ▄  ▄█▄██
█ █▄▄▄█ █ █▀███▀ █▄ █▀ ▀ █▄▄ ▀▀ ▄██
█▄▄▄▄▄▄▄█▄████▄██▄▄██▄███▄██▄▄▄█▄██

二维码解码URL: https://txz.qq.com/p?k=*9v0tH5RkvBi4z8x6XdXwJjte21zxmjB&f=1600001615
如果控制台二维码无法扫码，可以复制解码url到二维码生成网站生成二维码再扫码，也可以打开下方的二维码路径图片进行扫码。
04-02 08:52:11 [[33mwarn[39m] 二维码已保存到 /root/Napcat/opt/QQ/resources/app/app_launcher/napcat/cache/qrcode.png
04-02 08:54:13 [[31merror[39m] [Core] [Login] Login Error,ErrType:  1  ErrCode: 3
04-02 08:54:13 [[33mwarn[39m] 请扫描下面的二维码，然后在手Q上授权登录：
04-02 08:54:13 [[33mwarn[39m] 

▄▄▄▄▄▄▄▄▄▄▄▄▄▄▄▄▄▄▄▄▄▄▄▄▄▄▄▄▄▄▄▄▄▄▄
█ ▄▄▄▄▄ █▄▄███▀▄█▀▀▀█  ▀▀██ ▄▄▄▄▄ █
█ █   █ █ ▀█ ▄ █▀ █▄▄▀██ ██ █   █ █
█ █▄▄▄█ █▄ ▄▄▀▀█▄█▄▄▀▀█ █▄█ █▄▄▄█ █
█▄▄▄▄▄▄▄█▄▀▄▀▄█ █ ▀ ▀▄█▄▀ █▄▄▄▄▄▄▄█
█▄   █▀▄█ ▀████▀▄█▄  ▀██▀ ▄▀█▄▄ ▀ █
██▀  ▀ ▄█ ██▀▀▀▄▀██▀▀▄▄  ▀█ ▀▄█▄ ▄█
█▀▄▄▀ ▀▄▀  ▀ █▄█ ▀▀█ ▄▀▄  ▄█▄▄ ▀▀██
███ █▀▀▄▄▀▀ █ ▄██ ▄▄ ▄▀███▀  ▄█ ███
████ ▀ ▄█▀ ▄▄▀  ▀▀█ ▄ ▄ ▄▀      ▄ █
█▄█▄▄▄▀▄█▄█▀▄ █▀▄▀ ▄█▄▄▀▀▀  ██ █▄▀█
█ ▄ ▄▀█▄█▄▀▀▄ █▀  ▄ ▄ ▀▀  ▄▀▄█▀▄▀▀█
██▀ ▀▄▀▄  ▀▀▄▄▀ ███▀▀ ▄▀ ▄▄▀▀▄▀▄ ▄█
█▄██▄▄█▄█▀██▀ ▄█ ▄ ██▄▀▄  ▄▄▄ ▄██▄█
█ ▄▄▄▄▄ ██▀▀ ██▄█▄█  ▀    █▄█ ▀▀███
█ █   █ █▀█▄██   ▀▄ ▀▀ ▄  ▄▄▄▄█  ▄█
█ █▄▄▄█ █ ██▀▀██▄▀▀▀█▀██▄▀▄ ▄▀█▄▄▀█
█▄▄▄▄▄▄▄█▄▄██▄███▄█▄▄▄▄███▄███▄▄███

二维码解码URL: https://txz.qq.com/p?k=DN4zG0NlaRkzpVTUkxgPUQcGrcdUD*4L&f=1600001615
如果控制台二维码无法扫码，可以复制解码url到二维码生成网站生成二维码再扫码，也可以打开下方的二维码路径图片进行扫码。
04-02 08:54:13 [[33mwarn[39m] 二维码已保存到 /root/Napcat/opt/QQ/resources/app/app_launcher/napcat/cache/qrcode.png
04-02 08:56:15 [[31merror[39m] [Core] [Login] Login Error,ErrType:  1  ErrCode: 3
04-02 08:56:15 [[33mwarn[39m] 请扫描下面的二维码，然后在手Q上授权登录：
04-02 08:56:15 [[33mwarn[39m] 

▄▄▄▄▄▄▄▄▄▄▄▄▄▄▄▄▄▄▄▄▄▄▄▄▄▄▄▄▄▄▄▄▄▄▄
█ ▄▄▄▄▄ █▄▄▄ ▀▄██ ▄▀ █ ▄█▀█ ▄▄▄▄▄ █
█ █   █ ██▄▀ █ ▀▄▄██ ▀▄▄▄██ █   █ █
█ █▄▄▄█ ██▀▄ ▄████▄▄▄▀▄▀▀██ █▄▄▄█ █
█▄▄▄▄▄▄▄█ ▀▄█ ▀ █ █▄█▄█ ▀▄█▄▄▄▄▄▄▄█
█ ▄█ ▄▀▄▀▀▄▀█▄██▀▀▄▀▄███▀██▄▀▀█▀▀▄█
█▀▀█▄▄▀▄▀▄▄██▄█▄ █▀█▀▀█▀ ▄▀  ▄▀▀▄▄█
█ ▄ ▄█▄▄▄▀▄ █▀▀▄  █▄▀▄ █ ▄▀▄▄███▄▄█
█ █ ▄▀█▄██▀▄█▀▄▀ ▄██ ▀█ █▀▀▄█ █▀█▀█
█▀█▄█▄█▄▄▀▀▀ ▄▄  ▀ █▀▀▄▄█▀▄ ▀ ▄█  █
█ ██▄▀█▄▀ ██▀▄  ▄██▀  █▀▄██▀█▄█▀▀ █
█ ▄ ▀ █▄▀█ █▄▀████▄▀  ██ ▀▄█▀▀▀█▀██
█ █▄▄▄█▄▀ █  ▀█  ▄▀▄▀█▄▄▄▀ ▀ ▄█▀▄▄█
█▄▄███▄▄▄▀██▄▄▀▄█  ▀▄▄▄▀█ ▄▄▄ ▀▀ ██
█ ▄▄▄▄▄ ██▄  ▄█  ▀█  ▄█▀  █▄█ ▀ █▀█
█ █   █ █ ▀▀▀ ▄ ██▄▀  █▄▄▄ ▄▄▄▀█▄▄█
█ █▄▄▄█ █▀▄█▄█ ▄▄▄█  ▀█▀▀█▀▀▄   ▀ █
█▄▄▄▄▄▄▄█▄▄▄█████▄▄█▄▄▄██▄▄█▄█▄████

二维码解码URL: https://txz.qq.com/p?k=9dwvbArJWuVwQoc0rOGiQGg5VcHJhKOY&f=1600001615
如果控制台二维码无法扫码，可以复制解码url到二维码生成网站生成二维码再扫码，也可以打开下方的二维码路径图片进行扫码。
04-02 08:56:15 [[33mwarn[39m] 二维码已保存到 /root/Napcat/opt/QQ/resources/app/app_launcher/napcat/cache/qrcode.png
04-02 08:58:17 [[31merror[39m] [Core] [Login] Login Error,ErrType:  1  ErrCode: 3
04-02 08:58:18 [[33mwarn[39m] 请扫描下面的二维码，然后在手Q上授权登录：
04-02 08:58:18 [[33mwarn[39m] 

▄▄▄▄▄▄▄▄▄▄▄▄▄▄▄▄▄▄▄▄▄▄▄▄▄▄▄▄▄▄▄▄▄▄▄
█ ▄▄▄▄▄ █▄▄███▀▄█▀ ▄█  ▄ ▀█ ▄▄▄▄▄ █
█ █   █ █ ▀█ ▄ █▀ █▄ ██▀█ █ █   █ █
█ █▄▄▄█ █▄ ▄▄▀▀█▄███▀█▀ █▄█ █▄▄▄█ █
█▄▄▄▄▄▄▄█▄▀▄▀▄█ █ ▀ ▀ █ █▄█▄▄▄▄▄▄▄█
█ ▄  ▀▀▄▀ ▀████▀▄█▄▄▄▀▀▀▄█▄▀█▄▄ ▀ █
█▀█   █▄████▀▀▀▄▀█▄█▀▀▄▀▄▄█ ▀▄█▄ ▄█
█▀█▄▄  ▄█▄▄▀ █▄█ ▀▄█▀█ ▄██▄█▄▄ ▀▀██
█▀▄▄ ▀ ▄▀ ▀▄█ ▄██ █▀ ▀▀▀▀▀▀  ▄█ ███
█▄ ▄ ▀▄▄▄▀▀█▄▀  ▀▀▄▄▀▀█ ▄▀      ▄ █
████▀██▄▀▄▀▀▄ █▀▄▄ ██▄██▀▀  ██ █▄▀█
█▀▄ ▀▀ ▄  ▄▄▄ █▀██ █  ▀█  ▄▀▄█▀▄▀▀█
██▀ █▀▄▄█▄█ ▄▄▀ █ ▄██ ██ ▄▄▀▀▄▀▄ ▄█
█▄██▄█▄▄▄ █▀▀ ▄█ ▄▄█▀▄▀▀  ▄▄▄ ▄██▄█
█ ▄▄▄▄▄ ██ ▀ ██▄▀ ▄ ▄▀▀▄  █▄█ ▀▀███
█ █   █ █▀▄ ██  ▀▄█ ▀▀█   ▄▄▄▄█  ▄█
█ █▄▄▄█ █ █▀▀▀██ ▄ ▄█▀█ ▄▀▄ ▄▀█▄▄▀█
█▄▄▄▄▄▄▄█▄███▄████▄▄██████▄███▄▄███

二维码解码URL: https://txz.qq.com/p?k=B1JessRMBA8GHTvuVeBHIIphF8nrst11&f=1600001615
如果控制台二维码无法扫码，可以复制解码url到二维码生成网站生成二维码再扫码，也可以打开下方的二维码路径图片进行扫码。
04-02 08:58:18 [[33mwarn[39m] 二维码已保存到 /root/Napcat/opt/QQ/resources/app/app_launcher/napcat/cache/qrcode.png
